Removed Pin From Net: NetName=GND Pin=D1-1
Removed Pin From Net: NetName=GND Pin=D2-1
Removed Pin From Net: NetName=LED1 Pin=R4-2
Removed Pin From Net: NetName=LED2 Pin=R5-2
Removed Member From Class: ClassName=STM32_ nRF24GHz Member=R4
Added Component: Designator=R?(RESC1005X40X25LL05T05)
Add component (AddParameter): Name = "Manufacturer"; Value = "Vishay Dale"; VariantName = "[No Variations]"
Add component (AddParameter): Name = "Parameter 1"; Value = "2K2Ohm"; VariantName = "[No Variations]"
Add component (AddParameter): Name = "Part Number"; Value = "CRCW040242K2FKED"; VariantName = "[No Variations]"
Added Pin To Net: NetName=LED1 Pin=D1-2
Added Pin To Net: NetName=LED2 Pin=D2-2
Added Pin To Net: NetName=GND Pin=R5-1
Added Pin To Net: NetName=GND Pin=R?-1
Added Pin To Net: NetName=NetD1_1 Pin=D1-1
Added Pin To Net: NetName=NetD1_1 Pin=R?-2
Added Net: Name=NetD1_1
Added Pin To Net: NetName=NetD2_1 Pin=D2-1
Added Pin To Net: NetName=NetD2_1 Pin=R5-2
Added Net: Name=NetD2_1
Added Member To Class: ClassName=STM32_ nRF24GHz Member=Component R? CRCW040242K2FKED
